<?xml version="1.0" encoding="UTF-8"?>
<!-- Generated by org.testng.reporters.JUnitReportReporter -->
<testsuite hostname="bafeecfbfcebfaf332308175cfadffcfabffaone-0" failures="0" tests="3" name="runner.LoginTest" time="31.016" errors="0" timestamp="2025-08-20T18:13:46 UTC" skipped="0">
  <testcase classname="runner.LoginTest" name="spareTest" time="10.027"/>
  <testcase classname="runner.LoginTest" name="loginTest" time="6.673"/>
  <testcase classname="runner.LoginTest" name="blogTest" time="14.316"/>
</testsuite> <!-- runner.LoginTest -->
