<?xml version="1.0" encoding="UTF-8"?>
<!-- Generated by org.testng.reporters.JUnitReportReporter -->
<testsuite hostname="bafeecfbfcebfaf332308175cfadffcfabffaone-0" failures="0" tests="3" name="runner.LoginTest" time="29.837" errors="0" timestamp="2025-08-20T18:16:08 UTC" skipped="0">
  <testcase classname="runner.LoginTest" name="spareTest" time="9.303"/>
  <testcase classname="runner.LoginTest" name="loginTest" time="7.984"/>
  <testcase classname="runner.LoginTest" name="blogTest" time="12.550"/>
</testsuite> <!-- runner.LoginTest -->
