<?xml version="1.0" encoding="UTF-8"?>
<!-- Generated by org.testng.reporters.JUnitReportReporter -->
<testsuite hostname="bafeecfbfcebfaf332308175cfadffcfabffaone-0" failures="0" tests="3" name="runner.LoginTest" time="27.783" errors="0" timestamp="2025-08-20T10:35:44 UTC" skipped="0">
  <testcase classname="runner.LoginTest" name="spareTest" time="8.040"/>
  <testcase classname="runner.LoginTest" name="loginTest" time="7.033"/>
  <testcase classname="runner.LoginTest" name="blogTest" time="12.710"/>
</testsuite> <!-- runner.LoginTest -->
