<?xml version="1.0" encoding="UTF-8"?>
<!-- Generated by org.testng.reporters.JUnitReportReporter -->
<testsuite hostname="bafeecfbfcebfaf332308175cfadffcfabffaone-0" failures="0" tests="1" name="runner.LoginTest" time="7.447" errors="0" timestamp="2025-08-20T09:59:29 UTC" skipped="0">
  <testcase classname="runner.LoginTest" name="loginTest" time="7.447"/>
</testsuite> <!-- runner.LoginTest -->
