<?xml version="1.0" encoding="UTF-8"?>
<!-- Generated by org.testng.reporters.JUnitReportReporter -->
<testsuite hostname="bafeecfbfcebfaf332308175cfadffcfabffaone-0" failures="0" tests="3" name="runner.LoginTest" time="28.552" errors="0" timestamp="2025-08-20T18:17:10 UTC" skipped="0">
  <testcase classname="runner.LoginTest" name="spareTest" time="8.936"/>
  <testcase classname="runner.LoginTest" name="loginTest" time="7.226"/>
  <testcase classname="runner.LoginTest" name="blogTest" time="12.390"/>
</testsuite> <!-- runner.LoginTest -->
