<?xml version="1.0" encoding="UTF-8"?>
<!-- Generated by org.testng.reporters.JUnitReportReporter -->
<testsuite hostname="bafeecfbfcebfaf332308175cfadffcfabffaone-0" failures="0" tests="3" name="runner.LoginTest" time="32.829" errors="0" timestamp="2025-08-20T18:31:06 UTC" skipped="0">
  <testcase classname="runner.LoginTest" name="spareTest" time="9.834"/>
  <testcase classname="runner.LoginTest" name="loginTest" time="7.998"/>
  <testcase classname="runner.LoginTest" name="blogTest" time="14.997"/>
</testsuite> <!-- runner.LoginTest -->
