<?xml version="1.0" encoding="UTF-8"?>
<!-- Generated by org.testng.reporters.JUnitReportReporter -->
<testsuite hostname="bafeecfbfcebfaf332308175cfadffcfabffaone-0" failures="0" tests="2" name="runner.LoginTest" time="21.181" errors="0" timestamp="2025-08-20T09:54:22 UTC" skipped="0">
  <testcase classname="runner.LoginTest" name="loginTest" time="7.994"/>
  <testcase classname="runner.LoginTest" name="blogTest" time="13.187"/>
</testsuite> <!-- runner.LoginTest -->
