<?xml version="1.0" encoding="UTF-8"?>
<!-- Generated by org.testng.reporters.JUnitReportReporter -->
<testsuite hostname="bafeecfbfcebfaf332308175cfadffcfabffaone-0" failures="0" tests="2" name="runner.LoginTest" time="22.192" errors="0" timestamp="2025-08-20T09:56:35 UTC" skipped="0">
  <testcase classname="runner.LoginTest" name="loginTest" time="6.741"/>
  <testcase classname="runner.LoginTest" name="blogTest" time="15.451"/>
</testsuite> <!-- runner.LoginTest -->
