<?xml version="1.0" encoding="UTF-8"?>
<!-- Generated by org.testng.reporters.JUnitReportReporter -->
<testsuite hostname="bafeecfbfcebfaf332308175cfadffcfabffaone-0" failures="0" tests="1" name="runner.LoginTest" time="5.422" errors="0" timestamp="2025-08-20T07:23:47 UTC" skipped="0">
  <testcase classname="runner.LoginTest" name="loginTest" time="5.422"/>
</testsuite> <!-- runner.LoginTest -->
